<?xml version="1.0" encoding="UTF-8"?>
<testng-results skipped="0" failed="0" total="1" passed="1">
  <reporter-output>
  </reporter-output>
  <suite name="Default suite" duration-ms="72498" started-at="2020-01-04T11:26:50Z" finished-at="2020-01-04T11:28:02Z">
    <groups>
    </groups>
    <test name="Default test" duration-ms="72498" started-at="2020-01-04T11:26:50Z" finished-at="2020-01-04T11:28:02Z">
      <class name="pom.DriverTripAdvisor">
        <test-method status="PASS" signature="tripadvisor()[pri:0, instance:pom.DriverTripAdvisor@c64813]" name="tripadvisor" duration-ms="72448" started-at="2020-01-04T16:56:50Z" finished-at="2020-01-04T16:58:02Z">
          <reporter-output>
          </reporter-output>
        </test-method> <!-- tripadvisor -->
      </class> <!-- pom.DriverTripAdvisor -->
    </test> <!-- Default test -->
  </suite> <!-- Default suite -->
</testng-results>
